  [1m[35m (806.9ms)[0m  [1m[35mCREATE DATABASE "rails_api_development" ENCODING = 'unicode'[0m
  ↳ bin/rails:9
  [1m[35m (422.2ms)[0m  [1m[35mCREATE DATABASE "rails_api_test" ENCODING = 'unicode'[0m
  ↳ bin/rails:9
Started GET "/" for ::1 at 2019-05-28 10:54:51 -0400
Processing by Rails::WelcomeController#index as HTML
  Rendering /Users/caiyang/.rbenv/versions/2.6.3/lib/ruby/gems/2.6.0/gems/railties-5.2.3/lib/rails/templates/rails/welcome/index.html.erb
  Rendered /Users/caiyang/.rbenv/versions/2.6.3/lib/ruby/gems/2.6.0/gems/railties-5.2.3/lib/rails/templates/rails/welcome/index.html.erb (2.6ms)
Completed 200 OK in 10ms (Views: 8.4ms | ActiveRecord: 0.0ms)


Started GET "/favicon.ico" for ::1 at 2019-05-28 10:54:52 -0400
  
ActionController::RoutingError (No route matches [GET] "/favicon.ico"):
  
actionpack (5.2.3) lib/action_dispatch/middleware/debug_exceptions.rb:65:in `call'
actionpack (5.2.3) lib/action_dispatch/middleware/show_exceptions.rb:33:in `call'
railties (5.2.3) lib/rails/rack/logger.rb:38:in `call_app'
railties (5.2.3) lib/rails/rack/logger.rb:26:in `block in call'
activesupport (5.2.3) lib/active_support/tagged_logging.rb:71:in `block in tagged'
activesupport (5.2.3) lib/active_support/tagged_logging.rb:28:in `tagged'
activesupport (5.2.3) lib/active_support/tagged_logging.rb:71:in `tagged'
railties (5.2.3) lib/rails/rack/logger.rb:26:in `call'
actionpack (5.2.3) lib/action_dispatch/middleware/remote_ip.rb:81:in `call'
actionpack (5.2.3) lib/action_dispatch/middleware/request_id.rb:27:in `call'
rack (2.0.7) lib/rack/runtime.rb:22:in `call'
activesupport (5.2.3) lib/active_support/cache/strategy/local_cache_middleware.rb:29:in `call'
actionpack (5.2.3) lib/action_dispatch/middleware/executor.rb:14:in `call'
actionpack (5.2.3) lib/action_dispatch/middleware/static.rb:127:in `call'
rack (2.0.7) lib/rack/sendfile.rb:111:in `call'
railties (5.2.3) lib/rails/engine.rb:524:in `call'
puma (3.12.1) lib/puma/configuration.rb:227:in `call'
puma (3.12.1) lib/puma/server.rb:660:in `handle_request'
puma (3.12.1) lib/puma/server.rb:474:in `process_client'
puma (3.12.1) lib/puma/server.rb:334:in `block in run'
puma (3.12.1) lib/puma/thread_pool.rb:135:in `block in spawn_thread'
  [1m[35m (83.8ms)[0m  [1m[35mCREATE TABLE "schema_migrations" ("version" character varying NOT NULL PRIMARY KEY)[0m
  ↳ bin/rails:9
  [1m[35m (8.2ms)[0m  [1m[35mCREATE TABLE "ar_internal_metadata" ("key" character varying NOT NULL PRIMARY KEY, "value" character varying, "created_at" timestamp NOT NULL, "updated_at" timestamp NOT NULL)[0m
  ↳ bin/rails:9
  [1m[35m (0.6ms)[0m  [1m[34mSELECT pg_try_advisory_lock(4598764919443922325)[0m
  ↳ bin/rails:9
  [1m[35m (0.9ms)[0m  [1m[34mSELECT "schema_migrations"."version" FROM "schema_migrations" ORDER BY "schema_migrations"."version" ASC[0m
  ↳ bin/rails:9
Migrating to CreateQuotes (20190528145756)
  [1m[35m (0.1ms)[0m  [1m[35mBEGIN[0m
  ↳ bin/rails:9
  [1m[35m (104.1ms)[0m  [1m[35mCREATE TABLE "quotes" ("id" bigserial primary key, "author" character varying, "content" text, "category" character varying, "created_at" timestamp NOT NULL, "updated_at" timestamp NOT NULL)[0m
  ↳ db/migrate/20190528145756_create_quotes.rb:3
  [1m[36mActiveRecord::SchemaMigration Create (0.5ms)[0m  [1m[32mINSERT INTO "schema_migrations" ("version") VALUES ($1) RETURNING "version"[0m  [["version", "20190528145756"]]
  ↳ bin/rails:9
  [1m[35m (30.7ms)[0m  [1m[35mCOMMIT[0m
  ↳ bin/rails:9
  [1m[36mActiveRecord::InternalMetadata Load (0.4ms)[0m  [1m[34mSELECT  "ar_internal_metadata".* FROM "ar_internal_metadata" WHERE "ar_internal_metadata"."key" = $1 LIMIT $2[0m  [["key", "environment"], ["LIMIT", 1]]
  ↳ bin/rails:9
  [1m[35m (0.2ms)[0m  [1m[35mBEGIN[0m
  ↳ bin/rails:9
  [1m[36mActiveRecord::InternalMetadata Create (0.6ms)[0m  [1m[32mINSERT INTO "ar_internal_metadata" ("key", "value", "created_at", "updated_at") VALUES ($1, $2, $3, $4) RETURNING "key"[0m  [["key", "environment"], ["value", "development"], ["created_at", "2019-05-28 14:58:05.697112"], ["updated_at", "2019-05-28 14:58:05.697112"]]
  ↳ bin/rails:9
  [1m[35m (33.0ms)[0m  [1m[35mCOMMIT[0m
  ↳ bin/rails:9
  [1m[35m (0.3ms)[0m  [1m[34mSELECT pg_advisory_unlock(4598764919443922325)[0m
  ↳ bin/rails:9
  [1m[35m (0.2ms)[0m  [1m[34mSELECT "schema_migrations"."version" FROM "schema_migrations" ORDER BY "schema_migrations"."version" ASC[0m
  ↳ bin/rails:9
  [1m[35m (1.1ms)[0m  [1m[34mSELECT "schema_migrations"."version" FROM "schema_migrations" ORDER BY "schema_migrations"."version" ASC[0m
  ↳ bin/rails:9
  [1m[35m (0.2ms)[0m  [1m[35mBEGIN[0m
  ↳ db/seeds.rb:120
  [1m[36mQuote Create (1.2ms)[0m  [1m[32mINSERT INTO "quotes" ("author", "content", "category", "created_at", "updated_at") VALUES ($1, $2, $3, $4, $5) RETURNING "id"[0m  [["author", "Unknown"], ["content", "Sometimes you win, sometimes you learn."], ["category", "motivational"], ["created_at", "2019-05-28 15:00:41.831009"], ["updated_at", "2019-05-28 15:00:41.831009"]]
  ↳ db/seeds.rb:120
  [1m[35m (18.5ms)[0m  [1m[35mCOMMIT[0m
  ↳ db/seeds.rb:120
  [1m[35m (0.2ms)[0m  [1m[35mBEGIN[0m
  ↳ db/seeds.rb:120
  [1m[36mQuote Create (0.3ms)[0m  [1m[32mINSERT INTO "quotes" ("author", "content", "category", "created_at", "updated_at") VALUES ($1, $2, $3, $4, $5) RETURNING "id"[0m  [["author", "Yoda"], ["content", "Do or do not, there is no try."], ["category", "motivational"], ["created_at", "2019-05-28 15:00:41.853167"], ["updated_at", "2019-05-28 15:00:41.853167"]]
  ↳ db/seeds.rb:120
  [1m[35m (0.3ms)[0m  [1m[35mCOMMIT[0m
  ↳ db/seeds.rb:120
  [1m[35m (0.2ms)[0m  [1m[35mBEGIN[0m
  ↳ db/seeds.rb:120
  [1m[36mQuote Create (0.4ms)[0m  [1m[32mINSERT INTO "quotes" ("author", "content", "category", "created_at", "updated_at") VALUES ($1, $2, $3, $4, $5) RETURNING "id"[0m  [["author", "Unknown"], ["content", "A simple 'Hello' could lead to a million things."], ["category", "motivational"], ["created_at", "2019-05-28 15:00:41.855756"], ["updated_at", "2019-05-28 15:00:41.855756"]]
  ↳ db/seeds.rb:120
  [1m[35m (0.3ms)[0m  [1m[35mCOMMIT[0m
  ↳ db/seeds.rb:120
  [1m[35m (0.1ms)[0m  [1m[35mBEGIN[0m
  ↳ db/seeds.rb:120
  [1m[36mQuote Create (0.2ms)[0m  [1m[32mINSERT INTO "quotes" ("author", "content", "category", "created_at", "updated_at") VALUES ($1, $2, $3, $4, $5) RETURNING "id"[0m  [["author", "Helen Hayes"], ["content", "The expert at anything was once a beginner."], ["category", "education"], ["created_at", "2019-05-28 15:00:41.872012"], ["updated_at", "2019-05-28 15:00:41.872012"]]
  ↳ db/seeds.rb:120
  [1m[35m (0.3ms)[0m  [1m[35mCOMMIT[0m
  ↳ db/seeds.rb:120
  [1m[35m (0.2ms)[0m  [1m[35mBEGIN[0m
  ↳ db/seeds.rb:120
  [1m[36mQuote Create (0.6ms)[0m  [1m[32mINSERT INTO "quotes" ("author", "content", "category", "created_at", "updated_at") VALUES ($1, $2, $3, $4, $5) RETURNING "id"[0m  [["author", "CS Lewis"], ["content", "You are never too old to get a new goal or dream a new dream!"], ["category", "motivational"], ["created_at", "2019-05-28 15:00:41.874042"], ["updated_at", "2019-05-28 15:00:41.874042"]]
  ↳ db/seeds.rb:120
  [1m[35m (0.3ms)[0m  [1m[35mCOMMIT[0m
  ↳ db/seeds.rb:120
  [1m[35m (0.1ms)[0m  [1m[35mBEGIN[0m
  ↳ db/seeds.rb:120
  [1m[36mQuote Create (0.3ms)[0m  [1m[32mINSERT INTO "quotes" ("author", "content", "category", "created_at", "updated_at") VALUES ($1, $2, $3, $4, $5) RETURNING "id"[0m  [["author", "Unknown"], ["content", "If you want something you never had, you have to do something you've never done!"], ["category", "motivational"], ["created_at", "2019-05-28 15:00:41.876573"], ["updated_at", "2019-05-28 15:00:41.876573"]]
  ↳ db/seeds.rb:120
  [1m[35m (22.9ms)[0m  [1m[35mCOMMIT[0m
  ↳ db/seeds.rb:120
  [1m[35m (0.1ms)[0m  [1m[35mBEGIN[0m
  ↳ db/seeds.rb:120
  [1m[36mQuote Create (0.2ms)[0m  [1m[32mINSERT INTO "quotes" ("author", "content", "category", "created_at", "updated_at") VALUES ($1, $2, $3, $4, $5) RETURNING "id"[0m  [["author", "Frank Chimero"], ["content", "Getting to know a problem is a bit like getting to know a person: it's a gradual process that requires patience, and there is no state of completion. You can never know the full of a problem, because there is never comprehensive information available. You have to simply draw the line somewhere and make up the rest as you go along."], ["category", "design"], ["created_at", "2019-05-28 15:00:41.901326"], ["updated_at", "2019-05-28 15:00:41.901326"]]
  ↳ db/seeds.rb:120
  [1m[35m (5.8ms)[0m  [1m[35mCOMMIT[0m
  ↳ db/seeds.rb:120
  [1m[35m (0.2ms)[0m  [1m[35mBEGIN[0m
  ↳ db/seeds.rb:120
  [1m[36mQuote Create (0.3ms)[0m  [1m[32mINSERT INTO "quotes" ("author", "content", "category", "created_at", "updated_at") VALUES ($1, $2, $3, $4, $5) RETURNING "id"[0m  [["author", "Pablo Picasso"], ["content", "Others have seen what is and asked why. I have seen what could be and asked why not?"], ["category", "design"], ["created_at", "2019-05-28 15:00:41.909352"], ["updated_at", "2019-05-28 15:00:41.909352"]]
  ↳ db/seeds.rb:120
  [1m[35m (6.4ms)[0m  [1m[35mCOMMIT[0m
  ↳ db/seeds.rb:120
  [1m[35m (0.2ms)[0m  [1m[35mBEGIN[0m
  ↳ db/seeds.rb:120
  [1m[36mQuote Create (0.6ms)[0m  [1m[32mINSERT INTO "quotes" ("author", "content", "category", "created_at", "updated_at") VALUES ($1, $2, $3, $4, $5) RETURNING "id"[0m  [["author", "Italo Calvino"], ["content", "Who are we, who is each one of us, if not a combinatoria of experiences, information, books we have read, things imagined?"], ["category", "literary"], ["created_at", "2019-05-28 15:00:41.918180"], ["updated_at", "2019-05-28 15:00:41.918180"]]
  ↳ db/seeds.rb:120
  [1m[35m (6.2ms)[0m  [1m[35mCOMMIT[0m
  ↳ db/seeds.rb:120
  [1m[35m (0.3ms)[0m  [1m[35mBEGIN[0m
  ↳ db/seeds.rb:120
  [1m[36mQuote Create (0.4ms)[0m  [1m[32mINSERT INTO "quotes" ("author", "content", "category", "created_at", "updated_at") VALUES ($1, $2, $3, $4, $5) RETURNING "id"[0m  [["author", "T.S. Eliot"], ["content", "Who are only undefeated / Because we have gone on trying"], ["category", "poetry"], ["created_at", "2019-05-28 15:00:41.927333"], ["updated_at", "2019-05-28 15:00:41.927333"]]
  ↳ db/seeds.rb:120
  [1m[35m (9.2ms)[0m  [1m[35mCOMMIT[0m
  ↳ db/seeds.rb:120
  [1m[35m (0.2ms)[0m  [1m[35mBEGIN[0m
  ↳ db/seeds.rb:120
  [1m[36mQuote Create (0.3ms)[0m  [1m[32mINSERT INTO "quotes" ("author", "content", "category", "created_at", "updated_at") VALUES ($1, $2, $3, $4, $5) RETURNING "id"[0m  [["author", "Samuel Beckett"], ["content", "In search of the difficulty rather than in its clutch. The disquiet of him who lacks an adversary."], ["category", "literary"], ["created_at", "2019-05-28 15:00:41.939282"], ["updated_at", "2019-05-28 15:00:41.939282"]]
  ↳ db/seeds.rb:120
  [1m[35m (17.2ms)[0m  [1m[35mCOMMIT[0m
  ↳ db/seeds.rb:120
  [1m[35m (0.1ms)[0m  [1m[35mBEGIN[0m
  ↳ db/seeds.rb:120
  [1m[36mQuote Create (0.3ms)[0m  [1m[32mINSERT INTO "quotes" ("author", "content", "category", "created_at", "updated_at") VALUES ($1, $2, $3, $4, $5) RETURNING "id"[0m  [["author", "Hunter S. Thompson"], ["content", "When the going gets weird, the weird turn pro."], ["category", "gonzo"], ["created_at", "2019-05-28 15:00:42.004589"], ["updated_at", "2019-05-28 15:00:42.004589"]]
  ↳ db/seeds.rb:120
  [1m[35m (14.4ms)[0m  [1m[35mCOMMIT[0m
  ↳ db/seeds.rb:120
  [1m[35m (0.1ms)[0m  [1m[35mBEGIN[0m
  ↳ db/seeds.rb:120
  [1m[36mQuote Create (0.3ms)[0m  [1m[32mINSERT INTO "quotes" ("author", "content", "category", "created_at", "updated_at") VALUES ($1, $2, $3, $4, $5) RETURNING "id"[0m  [["author", "Frank Herbert"], ["content", "Truth suffers from too much analysis."], ["category", "philosophical"], ["created_at", "2019-05-28 15:00:42.020805"], ["updated_at", "2019-05-28 15:00:42.020805"]]
  ↳ db/seeds.rb:120
  [1m[35m (0.3ms)[0m  [1m[35mCOMMIT[0m
  ↳ db/seeds.rb:120
  [1m[35m (0.1ms)[0m  [1m[35mBEGIN[0m
  ↳ db/seeds.rb:120
  [1m[36mQuote Create (0.2ms)[0m  [1m[32mINSERT INTO "quotes" ("author", "content", "category", "created_at", "updated_at") VALUES ($1, $2, $3, $4, $5) RETURNING "id"[0m  [["author", "Max Bruinsma"], ["content", "Over and over again, a thousand voices shout: No Image! No Message!"], ["category", "design"], ["created_at", "2019-05-28 15:00:42.022553"], ["updated_at", "2019-05-28 15:00:42.022553"]]
  ↳ db/seeds.rb:120
  [1m[35m (0.2ms)[0m  [1m[35mCOMMIT[0m
  ↳ db/seeds.rb:120
  [1m[35m (0.1ms)[0m  [1m[35mBEGIN[0m
  ↳ db/seeds.rb:120
  [1m[36mQuote Create (0.4ms)[0m  [1m[32mINSERT INTO "quotes" ("author", "content", "category", "created_at", "updated_at") VALUES ($1, $2, $3, $4, $5) RETURNING "id"[0m  [["author", "Jeff VanderMeer"], ["content", "A circle looks at a square and sees a badly made circle."], ["category", "design"], ["created_at", "2019-05-28 15:00:42.024355"], ["updated_at", "2019-05-28 15:00:42.024355"]]
  ↳ db/seeds.rb:120
  [1m[35m (0.3ms)[0m  [1m[35mCOMMIT[0m
  ↳ db/seeds.rb:120
  [1m[35m (0.1ms)[0m  [1m[35mBEGIN[0m
  ↳ db/seeds.rb:120
  [1m[36mQuote Create (0.2ms)[0m  [1m[32mINSERT INTO "quotes" ("author", "content", "category", "created_at", "updated_at") VALUES ($1, $2, $3, $4, $5) RETURNING "id"[0m  [["author", "Ludwig Wittgenstein"], ["content", "The aspects of things that are most important for us are hidden because of their simplicity and familiarity."], ["category", "philosophical"], ["created_at", "2019-05-28 15:00:42.026604"], ["updated_at", "2019-05-28 15:00:42.026604"]]
  ↳ db/seeds.rb:120
  [1m[35m (0.2ms)[0m  [1m[35mCOMMIT[0m
  ↳ db/seeds.rb:120
  [1m[35m (0.1ms)[0m  [1m[35mBEGIN[0m
  ↳ db/seeds.rb:120
  [1m[36mQuote Create (0.2ms)[0m  [1m[32mINSERT INTO "quotes" ("author", "content", "category", "created_at", "updated_at") VALUES ($1, $2, $3, $4, $5) RETURNING "id"[0m  [["author", "lord krunkington iii"], ["content", "All struggle is against impermanence."], ["category", "philosophical"], ["created_at", "2019-05-28 15:00:42.028410"], ["updated_at", "2019-05-28 15:00:42.028410"]]
  ↳ db/seeds.rb:120
  [1m[35m (0.2ms)[0m  [1m[35mCOMMIT[0m
  ↳ db/seeds.rb:120
  [1m[35m (0.1ms)[0m  [1m[35mBEGIN[0m
  ↳ db/seeds.rb:120
  [1m[36mQuote Create (0.2ms)[0m  [1m[32mINSERT INTO "quotes" ("author", "content", "category", "created_at", "updated_at") VALUES ($1, $2, $3, $4, $5) RETURNING "id"[0m  [["author", "Brion Gysin"], ["content", "All language is mystification, and everything is fiction."], ["category", "literary"], ["created_at", "2019-05-28 15:00:42.029975"], ["updated_at", "2019-05-28 15:00:42.029975"]]
  ↳ db/seeds.rb:120
  [1m[35m (0.2ms)[0m  [1m[35mCOMMIT[0m
  ↳ db/seeds.rb:120
  [1m[35m (0.1ms)[0m  [1m[35mBEGIN[0m
  ↳ db/seeds.rb:120
  [1m[36mQuote Create (0.2ms)[0m  [1m[32mINSERT INTO "quotes" ("author", "content", "category", "created_at", "updated_at") VALUES ($1, $2, $3, $4, $5) RETURNING "id"[0m  [["author", "William Burroughs"], ["content", "A place where the unknown past and the emergent future meet in a vibrating soundless hum."], ["category", "philosophical"], ["created_at", "2019-05-28 15:00:42.031559"], ["updated_at", "2019-05-28 15:00:42.031559"]]
  ↳ db/seeds.rb:120
  [1m[35m (0.2ms)[0m  [1m[35mCOMMIT[0m
  ↳ db/seeds.rb:120
  [1m[35m (0.1ms)[0m  [1m[35mBEGIN[0m
  ↳ db/seeds.rb:120
  [1m[36mQuote Create (0.2ms)[0m  [1m[32mINSERT INTO "quotes" ("author", "content", "category", "created_at", "updated_at") VALUES ($1, $2, $3, $4, $5) RETURNING "id"[0m  [["author", "Fractalontology"], ["content", "A slow-fade into the silent, imperceptible, ceaseless procession of the stars."], ["category", "poetry"], ["created_at", "2019-05-28 15:00:42.032872"], ["updated_at", "2019-05-28 15:00:42.032872"]]
  ↳ db/seeds.rb:120
  [1m[35m (0.3ms)[0m  [1m[35mCOMMIT[0m
  ↳ db/seeds.rb:120
  [1m[35m (0.1ms)[0m  [1m[35mBEGIN[0m
  ↳ db/seeds.rb:120
  [1m[36mQuote Create (0.2ms)[0m  [1m[32mINSERT INTO "quotes" ("author", "content", "category", "created_at", "updated_at") VALUES ($1, $2, $3, $4, $5) RETURNING "id"[0m  [["author", "Richard Powers"], ["content", "Nodes, clusters, trackbacks, memes... truth follows bandwidth, as sure as use follows invention."], ["category", "technology"], ["created_at", "2019-05-28 15:00:42.034403"], ["updated_at", "2019-05-28 15:00:42.034403"]]
  ↳ db/seeds.rb:120
  [1m[35m (0.2ms)[0m  [1m[35mCOMMIT[0m
  ↳ db/seeds.rb:120
  [1m[35m (0.1ms)[0m  [1m[35mBEGIN[0m
  ↳ db/seeds.rb:120
  [1m[36mQuote Create (0.2ms)[0m  [1m[32mINSERT INTO "quotes" ("author", "content", "category", "created_at", "updated_at") VALUES ($1, $2, $3, $4, $5) RETURNING "id"[0m  [["author", "Theodore Roethke"], ["content", "The feeling that one is on the edge of many things: that there are many worlds from which we are separated by only a film; that a flick of the wrist, a turn of the body another way will bring us to a new world."], ["category", "philosophical"], ["created_at", "2019-05-28 15:00:42.036037"], ["updated_at", "2019-05-28 15:00:42.036037"]]
  ↳ db/seeds.rb:120
  [1m[35m (0.2ms)[0m  [1m[35mCOMMIT[0m
  ↳ db/seeds.rb:120
  [1m[35m (0.1ms)[0m  [1m[35mBEGIN[0m
  ↳ db/seeds.rb:120
  [1m[36mQuote Create (0.2ms)[0m  [1m[32mINSERT INTO "quotes" ("author", "content", "category", "created_at", "updated_at") VALUES ($1, $2, $3, $4, $5) RETURNING "id"[0m  [["author", "Bruno Schulz"], ["content", "Reality is as thin as paper and betrays with all its cracks its imitative character."], ["category", "philosophical"], ["created_at", "2019-05-28 15:00:42.037530"], ["updated_at", "2019-05-28 15:00:42.037530"]]
  ↳ db/seeds.rb:120
  [1m[35m (0.2ms)[0m  [1m[35mCOMMIT[0m
  ↳ db/seeds.rb:120
  [1m[36mQuote Load (0.5ms)[0m  [1m[34mSELECT  "quotes".* FROM "quotes" LIMIT $1[0m  [["LIMIT", 11]]
  [1m[35m (2.4ms)[0m  [1m[34mSELECT COUNT(*) FROM "quotes"[0m
  [1m[36mQuote Load (0.6ms)[0m  [1m[34mSELECT "quotes".* FROM "quotes"[0m
Started GET "/" for ::1 at 2019-05-28 11:12:12 -0400
  [1m[35m (1.3ms)[0m  [1m[34mSELECT "schema_migrations"."version" FROM "schema_migrations" ORDER BY "schema_migrations"."version" ASC[0m
  ↳ /Users/caiyang/.rbenv/versions/2.6.3/lib/ruby/gems/2.6.0/gems/activerecord-5.2.3/lib/active_record/log_subscriber.rb:98
Processing by Rails::WelcomeController#index as HTML
  Rendering /Users/caiyang/.rbenv/versions/2.6.3/lib/ruby/gems/2.6.0/gems/railties-5.2.3/lib/rails/templates/rails/welcome/index.html.erb
  Rendered /Users/caiyang/.rbenv/versions/2.6.3/lib/ruby/gems/2.6.0/gems/railties-5.2.3/lib/rails/templates/rails/welcome/index.html.erb (3.3ms)
Completed 200 OK in 38ms (Views: 5.1ms | ActiveRecord: 0.0ms)


Started GET "/quotes" for ::1 at 2019-05-28 11:12:19 -0400
Processing by QuotesController#index as HTML
  [1m[36mQuote Load (7.6ms)[0m  [1m[34mSELECT "quotes".* FROM "quotes"[0m
  ↳ app/controllers/quotes_controller.rb:5
Completed 200 OK in 59ms (Views: 15.6ms | ActiveRecord: 40.8ms)


